<?xml version="1.0" encoding="UTF-8"?>
<!-- Generated by org.testng.reporters.JUnitXMLReporter -->
<testsuite ignored="9" hostname="DESKTOP-LTNKCUI" failures="0" tests="0" time="0.022" errors="0" timestamp="2022-06-21T12:38:16 IST">
  <testcase classname="com.actitime.testscript.CustomerModule" name="ModifyCustomer" time="0.0">
    <ignored/>
  </testcase> <!-- ModifyCustomer -->
  <testcase classname="com.actitime.testscript.ProjectModule" name="ModifyCustomer" time="0.0">
    <ignored/>
  </testcase> <!-- ModifyCustomer -->
  <testcase classname="com.actitime.testscript.TaskModule" name="CreateCustomer" time="0.0">
    <ignored/>
  </testcase> <!-- CreateCustomer -->
  <testcase classname="com.actitime.testscript.TaskModule" name="DeletCustomer" time="0.0">
    <ignored/>
  </testcase> <!-- DeletCustomer -->
  <testcase classname="com.actitime.testscript.CustomerModule" name="DeletCustomer" time="0.0">
    <ignored/>
  </testcase> <!-- DeletCustomer -->
  <testcase classname="com.actitime.testscript.ProjectModule" name="CreateCustomer" time="0.0">
    <ignored/>
  </testcase> <!-- CreateCustomer -->
  <testcase classname="com.actitime.testscript.ProjectModule" name="DeletCustomer" time="0.0">
    <ignored/>
  </testcase> <!-- DeletCustomer -->
  <testcase classname="com.actitime.testscript.CustomerModule" name="CreateCustomer" time="0.0">
    <ignored/>
  </testcase> <!-- CreateCustomer -->
  <testcase classname="com.actitime.testscript.TaskModule" name="ModifyCustomer" time="0.0">
    <ignored/>
  </testcase> <!-- ModifyCustomer -->
</testsuite>
