<?xml version="1.0" encoding="UTF-8"?>
<testng-results ignored="0" total="1" passed="1" failed="0" skipped="0">
  <reporter-output>
  </reporter-output>
  <suite started-at="2022-06-22T20:40:54 IST" name="Default suite" finished-at="2022-06-22T20:41:13 IST" duration-ms="18766">
    <groups>
    </groups>
    <test started-at="2022-06-22T20:40:54 IST" name="Default test" finished-at="2022-06-22T20:41:13 IST" duration-ms="18766">
      <class name="com.actitime.testscript.TestMethodCls">
        <test-method signature="testmaethod()[pri:0, instance:com.actitime.testscript.TestMethodCls@6f96c77]" started-at="2022-06-22T20:40:54 IST" name="testmaethod" finished-at="2022-06-22T20:41:13 IST" duration-ms="18707" status="PASS">
          <reporter-output>
          </reporter-output>
        </test-method> <!-- testmaethod -->
      </class> <!-- com.actitime.testscript.TestMethodCls -->
    </test> <!-- Default test -->
  </suite> <!-- Default suite -->
</testng-results>
